[2018-11-5 16:13:37] Error catched on POST request, error: [object Object] (URI: /users).
[2018-11-5 16:16:26] Error catched on POST request, error: SyntaxError: Unexpected token [11/5/2018, 10:10:52 PM] Error catched on DELETE request. 
 ==> URI: /users/56.
[11/5/2018, 10:11:23 PM] Error catched on DELETE request. 
 ==> URI: /users/56.
[11/5/2018, 10:11:27 PM] Error catched on DELETE request. 
 ==> URI: /users/56.
[11/5/2018, 10:11:28 PM] Error catched on DELETE request. 
 ==> URI: /users/56.
[11/5/2018, 11:36:50 PM] Error catched on DELETE request. 
 ==> URI: /items/65.
[2018-11-6 22:30:48] Error catched on DELETE request. 
 ==> URI: /users/16.
[2018-11-6 22:31:41] Error catched on DELETE request. 
 ==> URI: /users/15.
[2018-11-6 22:40:58] Error catched on GET request. 
 ==> URI: /users/12.
[2018-11-6 22:41:18] Error catched on GET request. 
 ==> URI: /users/12.
[2018-11-6 22:42:03] Error catched on GET request. 
 ==> URI: /users/12.
[2018-11-6 22:42:24] Error catched on GET request. 
 ==> URI: /users/12.
[2018-11-6 22:42:25] Error catched on GET request. 
 ==> URI: /users/12.
[2018-11-6 22:42:26] Error catched on GET request. 
 ==> URI: /users/12.
[2018-11-6 22:42:26] Error catched on GET request. 
 ==> URI: /users/12.
[2018-11-6 22:43:22] Error catched on DELETE request. 
 ==> URI: /users/12.
