[2018-11-05 21:09:37] [DELETE] /users/56
[11/5/2018, 11:30:49 PM] GET request received (URI: /users).
[11/5/2018, 11:30:59 PM] GET request received (URI: /users).
[11/5/2018, 11:31:08 PM] GET request received (URI: /items/3).
[11/5/2018, 11:36:42 PM] GET request received (URI: /items/65).
[11/5/2018, 11:36:50 PM] DELETE request received (URI: /items/65).
[11/5/2018, 11:37:42 PM] DELETE request received (URI: /list/7).
[11/5/2018, 11:45:44 PM] GET request received (URI: /users).
[2018-11-6 16:26:47] POST request received (URI: /users/).
[2018-11-6 16:27:13] POST request received (URI: /users/).
[2018-11-6 17:06:58] POST request received (URI: /users/).
[2018-11-6 17:14:49] POST request received (URI: /users/).
[2018-11-6 17:29:42] POST request received (URI: /users/).
[2018-11-6 17:30:02] POST request received (URI: /users/).
[2018-11-6 17:32:00] POST request received (URI: /users/).
[2018-11-6 17:32:11] POST request received (URI: /users/).
[2018-11-6 17:44:06] POST request received (URI: /users/).
[2018-11-6 21:56:06] POST request received (URI: /users/).
[2018-11-6 21:56:27] POST request received (URI: /users/).
[2018-11-6 22:01:14] POST request received (URI: /users/).
[2018-11-6 22:01:40] POST request received (URI: /users/).
[2018-11-6 22:03:28] POST request received (URI: /users/).
[2018-11-6 22:04:06] POST request received (URI: /users/).
[2018-11-6 22:22:31] POST request received (URI: /users/).
[2018-11-6 22:25:05] GET request received (URI: /users/).
[2018-11-6 22:25:19] GET request received (URI: /users/).
[2018-11-6 22:25:51] GET request received (URI: /users/).
[2018-11-6 22:30:48] DELETE request received (URI: /users/16).
[2018-11-6 22:30:56] GET request received (URI: /users/16).
[2018-11-6 22:31:08] GET request received (URI: /users/).
[2018-11-6 22:31:41] DELETE request received (URI: /users/15).
[2018-11-6 22:31:53] GET request received (URI: /users/15).
[2018-11-6 22:31:55] GET request received (URI: /users/15).
[2018-11-6 22:32:04] GET request received (URI: /users/).
[2018-11-6 22:33:31] DELETE request received (URI: /users/1).
[2018-11-6 22:34:21] GET request received (URI: /users/1).
[2018-11-6 22:34:29] DELETE request received (URI: /users/1).
[2018-11-6 22:34:40] GET request received (URI: /users/1).
